Start testing: Oct 01 10:43 CST
----------------------------------------------------------
1/1 Testing: assembly1_test
1/1 Test: assembly1_test
Command: "/home/yoda/25-Vision-LiuXiang/CMakeSkeletonBuilding/CMake_II/build/modules/assembly1/test/assembly1_test"
Directory: /home/yoda/25-Vision-LiuXiang/CMakeSkeletonBuilding/CMake_II/build/modules/assembly1/test
"assembly1_test" start time: Oct 01 10:43 CST
Output:
----------------------------------------------------------
2
<end of output>
Test time =   0.00 sec
----------------------------------------------------------
Test Passed.
"assembly1_test" end time: Oct 01 10:43 CST
"assembly1_test" time elapsed: 00:00:00
----------------------------------------------------------

End testing: Oct 01 10:43 CST
